"blank"			"=========================="
"blank"			"#Valve_Movement_Title"
"blank"			"=========================="
"+forward"				"#Valve_Move_Forward"
"+back"					"#Valve_Move_Back"
"+moveleft"				"#Valve_Move_Left"
"+moveright"			"#Valve_Move_Right"
"+speed"             	"#Valve_Sprint"
"+jump"					"#Valve_Jump"
"+duck"					"#Valve_Duck"
"blank"			"=========================="
"blank"			"#Valve_Combat_Title"
"blank"			"=========================="
"+attack"				"#Valve_Primary_Attack"
"+attack2"				"#Valve_Secondary_Attack"
"+reload"				"#Valve_Reload_Weapon"
"+use"					"#Valve_Use_Items"
"phys_swap"				"#Valve_Gravity_Gun"
"impulse 100"			"#Valve_Flashlight"
"+zoom"					"#Valve_Suit_Zoom"
"slot1"					"#Valve_Weapon_Category_1"
"slot2"					"#Valve_Weapon_Category_2"
"slot3" 				"#Valve_Weapon_Category_3"
"slot4"					"#Valve_Weapon_Category_4"
"slot5"					"#Valve_Weapon_Category_5"
"slot6"					"#Valve_Weapon_Category_6"
"invnext"				"#Valve_Next_Weapon"
"invprev"				"#Valve_Previous_Weapon"
"lastinv"				"#Valve_Last_Weapon_Used"
"pg_dropweapon"				"#GameUI_DropWeapon"
"blank"			"=========================="
"blank"				"#GameUI_Weapon_Title"
"blank"			"=========================="
"use weapon_crowbar;use weapon_stunstick" "#GameUI_Crowbar_Menu"
"use weapon_physcannon"	"#GameUI_GravityGun_Menu"
"use weapon_pistol"		"#GameUI_Pistol_Menu"
"use weapon_357"		"#GameUI_357Handgun_Menu"
"use weapon_smg1"		"#GameUI_SMG1_Menu"
"use weapon_ar2"		"#GameUI_Pulse_Rifle_Menu"
"use weapon_shotgun"	"#GameUI_Shotgun_Menu"
"use weapon_crossbow"	"#GameUI_Crossbow_Menu"	
"use weapon_frag"		"#GameUI_Grenade_Menu"
"use weapon_rpg"		"#GameUI_RPG_Menu"
"use weapon_SLAM"		"#GameUI_SLAM_Menu"
"use weapon_gauss"			"#GameUI_TauCannon_Menu"
"use weapon_egon"			"#GameUI_Egon_Menu"
"blank"			"=========================="
"blank"			"#Valve_Communication_Title"
"blank"			"=========================="
"+voicerecord"			"#Valve_Use_Voice_Communication"
"messagemode"			"#Valve_Chat_Message"
"messagemode2"			"#Valve_Team_Message"
"showpanel pg_commandmenu"	"#GameUI_CommandMenu"
"showpanel pg_adminmenu"	"#GameUI_AdminMenu"
"pg_vote yes"			"#GameUI_VoteYes"
"pg_vote no"			"#GameUI_VoteNo"
"blank"			"=========================="
"blank"				"#GameUI_Music"
"blank"			"=========================="
"pg_musicmenu"				"#GameUI_OpenMusicControlCenter"
"pg_cl_music prev"			"#GameUI_MusicPrev"
"pg_cl_music rewind"		"#GameUI_MusicRewind"
"pg_cl_music play"			"#GameUI_MusicPlay"
"pg_cl_music pause"			"#GameUI_MusicPause"
"pg_cl_music stop"			"#GameUI_MusicStop"
"pg_cl_music forward"		"#GameUI_MusicForward"
"pg_cl_music next"			"#GameUI_MusicNext"
"pg_cl_music voldown"		"#GameUI_MusicVoldown"
"pg_cl_music volup"			"#GameUI_MusicVolUp"
"pg_cl_music togglerepeat"	"#GameUI_MusicToggleRepeat"
"pg_cl_music toggleshuffle"	"#GameUI_MusicToggleShuffle"
"blank"			"=========================="
"blank"			"#Valve_Miscellaneous_Title"
"blank"			"=========================="
"pg_multimedia"				"#GameUI_Multimedia"
"pg_webbrowser"				"#GameUI_WebBrowser"
"pg_ircmenu"				"#GameUI_IRC"
"mp3"						"#GameUI_ValveMP3Player"
"jpeg"					"#Valve_Take_Screen_Shot"
"+showscores"				"#Valve_Display_Scores"
"+overview"					"#GameUI_MapOverview"
"pg_modobjective"			"#GameUI_ShowObjective"
"impulse 201"				"#Valve_Spray_Logo"
"pause"					"#Valve_Pause_Game"
"quit"					"#Valve_Quit_Game"
"pg_record start"			"#GameUI_RecordStart"
"pg_record stop"			"#GameUI_RecordStop"
"demoui"				"#GameUI_DemoMenu"
"snd_restart"				"#GameUI_StopLoopingSound"
"blank"			"=========================="
"blank"			"#Valve_Miscellaneous_Keyboard_Keys_Title"
"blank"			"=========================="
"+walk"             	"#Valve_Walk"
"+left"					"#Valve_Turn_Left"
"+right"				"#Valve_Turn_Right"
"+moveup"				"#Valve_Swim_Up"
"+movedown"				"#Valve_Swim_Down"
"+lookup"				"#Valve_Look_Up"
"+lookdown"				"#Valve_Look_Down"
"+strafe"				"#Valve_Strafe_Modifier"
"+klook"				"#Valve_Keyboard_Look_Modifier"

